<?xml version="1.0" encoding="UTF-8"?>
<!-- Generated by org.testng.reporters.JUnitXMLReporter -->
<testsuite ignored="7" hostname="DESKTOP-B961A44" failures="0" tests="4" name="Smoke Test" time="21.215" errors="0" timestamp="2025-07-11T17:42:31 GMT-04:00">
  <testcase classname="Framework.Desgin.Tests.LoginTest" name="testValidLogin" time="1.171"/>
  <testcase classname="Framework.Desgin.Tests.HomepageTest" name="testHomepageElements" time="1.581"/>
  <testcase classname="Framework.Desgin.Tests.CartpageTest" name="testCartPage" time="2.98"/>
  <testcase classname="Framework.Desgin.Tests.CheckoutpageTest" name="testCheckoutPage" time="2.413"/>
  <testcase classname="Framework.Desgin.Tests.LoginTest" name="loginWithEmptyPassword" time="0.0">
    <ignored/>
  </testcase> <!-- loginWithEmptyPassword -->
  <testcase classname="Framework.Desgin.Tests.HomepageTest" name="logoutTest" time="0.0">
    <ignored/>
  </testcase> <!-- logoutTest -->
  <testcase classname="Framework.Desgin.Tests.LoginTest" name="loginWithEmptyUsername" time="0.0">
    <ignored/>
  </testcase> <!-- loginWithEmptyUsername -->
  <testcase classname="Framework.Desgin.Tests.LoginTest" name="loginWithlock_outUserCredentials" time="0.0">
    <ignored/>
  </testcase> <!-- loginWithlock_outUserCredentials -->
  <testcase classname="Framework.Desgin.Tests.LoginTest" name="loginWithInvalidUserName" time="0.0">
    <ignored/>
  </testcase> <!-- loginWithInvalidUserName -->
  <testcase classname="Framework.Desgin.Tests.LoginTest" name="loginWithInvalidPassword" time="0.0">
    <ignored/>
  </testcase> <!-- loginWithInvalidPassword -->
  <testcase classname="Framework.Desgin.Tests.LoginTest" name="loginWithEmptyCredentials" time="0.0">
    <ignored/>
  </testcase> <!-- loginWithEmptyCredentials -->
</testsuite> <!-- Smoke Test -->
