<?xml version="1.0" encoding="UTF-8"?>
<!-- Generated by org.testng.reporters.JUnitXMLReporter -->
<testsuite ignored="1" hostname="DESKTOP-B961A44" failures="0" tests="6" name="Negative TestCases" time="24.044" errors="0" timestamp="2025-07-11T17:46:36 GMT-04:00">
  <testcase classname="Framework.Desgin.Tests.LoginTest" name="loginWithEmptyCredentials" time="0.518"/>
  <testcase classname="Framework.Desgin.Tests.LoginTest" name="loginWithEmptyPassword" time="0.746"/>
  <testcase classname="Framework.Desgin.Tests.LoginTest" name="loginWithEmptyUsername" time="0.703"/>
  <testcase classname="Framework.Desgin.Tests.LoginTest" name="loginWithInvalidPassword" time="0.706"/>
  <testcase classname="Framework.Desgin.Tests.LoginTest" name="loginWithInvalidUserName" time="0.995"/>
  <testcase classname="Framework.Desgin.Tests.LoginTest" name="loginWithlock_outUserCredentials" time="0.937"/>
  <testcase classname="Framework.Desgin.Tests.LoginTest" name="testValidLogin" time="0.0">
    <ignored/>
  </testcase> <!-- testValidLogin -->
</testsuite> <!-- Negative TestCases -->
