<?xml version="1.0" encoding="UTF-8"?>
<!-- Generated by org.testng.reporters.JUnitXMLReporter -->
<testsuite ignored="7" hostname="DESKTOP-B961A44" failures="0" tests="2" name="Positive TestCases" time="13.951" errors="0" timestamp="2025-07-10T15:38:34 GMT-04:00">
  <testcase classname="Framework.Desgin.Tests.LoginTest" name="testValidLogin" time="1.766"/>
  <testcase classname="Framework.Desgin.Tests.HomepageTest" name="testHomepageElements" time="1.149"/>
  <testcase classname="Framework.Desgin.Tests.LoginTest" name="loginWithEmptyPassword" time="0.0">
    <ignored/>
  </testcase> <!-- loginWithEmptyPassword -->
  <testcase classname="Framework.Desgin.Tests.LoginTest" name="loginWithEmptyUsername" time="0.0">
    <ignored/>
  </testcase> <!-- loginWithEmptyUsername -->
  <testcase classname="Framework.Desgin.Tests.LoginTest" name="loginWithInvalidUserName" time="0.0">
    <ignored/>
  </testcase> <!-- loginWithInvalidUserName -->
  <testcase classname="Framework.Desgin.Tests.LoginTest" name="loginWithInvalidPassword" time="0.0">
    <ignored/>
  </testcase> <!-- loginWithInvalidPassword -->
  <testcase classname="Framework.Desgin.Tests.LoginTest" name="loginWithEmptyCredentials" time="0.0">
    <ignored/>
  </testcase> <!-- loginWithEmptyCredentials -->
  <testcase classname="Framework.Desgin.Tests.LoginTest" name="loginWithlock_outUserCredentials" time="0.0">
    <ignored/>
  </testcase> <!-- loginWithlock_outUserCredentials -->
  <testcase classname="Framework.Desgin.Tests.HomepageTest" name="logoutTest" time="0.0">
    <ignored/>
  </testcase> <!-- logoutTest -->
</testsuite> <!-- Positive TestCases -->
