<?xml version="1.0" encoding="UTF-8"?>
<!-- Generated by org.testng.reporters.JUnitXMLReporter -->
<testsuite ignored="5" hostname="DESKTOP-B961A44" failures="0" tests="6" name="Smoke Test" time="24.354" errors="0" timestamp="2025-07-11T17:46:37 GMT-04:00">
  <testcase classname="Framework.Desgin.Tests.LoginTest" name="loginWithEmptyCredentials" time="0.518"/>
  <testcase classname="Framework.Desgin.Tests.LoginTest" name="loginWithEmptyPassword" time="0.737"/>
  <testcase classname="Framework.Desgin.Tests.LoginTest" name="loginWithEmptyUsername" time="0.579"/>
  <testcase classname="Framework.Desgin.Tests.LoginTest" name="loginWithInvalidPassword" time="0.929"/>
  <testcase classname="Framework.Desgin.Tests.LoginTest" name="loginWithInvalidUserName" time="0.885"/>
  <testcase classname="Framework.Desgin.Tests.LoginTest" name="loginWithlock_outUserCredentials" time="0.724"/>
  <testcase classname="Framework.Desgin.Tests.HomepageTest" name="testHomepageElements" time="0.0">
    <ignored/>
  </testcase> <!-- testHomepageElements -->
  <testcase classname="Framework.Desgin.Tests.LoginTest" name="testValidLogin" time="0.0">
    <ignored/>
  </testcase> <!-- testValidLogin -->
  <testcase classname="Framework.Desgin.Tests.HomepageTest" name="logoutTest" time="0.0">
    <ignored/>
  </testcase> <!-- logoutTest -->
  <testcase classname="Framework.Desgin.Tests.CartpageTest" name="testCartPage" time="0.0">
    <ignored/>
  </testcase> <!-- testCartPage -->
  <testcase classname="Framework.Desgin.Tests.CheckoutpageTest" name="testCheckoutPage" time="0.0">
    <ignored/>
  </testcase> <!-- testCheckoutPage -->
</testsuite> <!-- Smoke Test -->
