<?xml version="1.0" encoding="UTF-8"?>
<testng-results retried="1" ignored="15" total="29" passed="13" failed="0" skipped="0">
  <reporter-output>
  </reporter-output>
  <suite started-at="2025-07-11T17:42:10 GMT-04:00" name="Suite" finished-at="2025-07-11T17:42:31 GMT-04:00" duration-ms="21757">
    <groups>
      <group name="positive tests">
        <method signature="LoginTest.testValidLogin()[pri:0, instance:Framework.Desgin.Tests.LoginTest@1f3f02ee]" name="testValidLogin" class="Framework.Desgin.Tests.LoginTest"/>
        <method signature="HomepageTest.logoutTest()[pri:0, instance:Framework.Desgin.Tests.HomepageTest@55dfcc6]" name="logoutTest" class="Framework.Desgin.Tests.HomepageTest"/>
        <method signature="LoginTest.testValidLogin()[pri:0, instance:Framework.Desgin.Tests.LoginTest@495b0487]" name="testValidLogin" class="Framework.Desgin.Tests.LoginTest"/>
      </group> <!-- positive tests -->
      <group name="negative tests">
        <method signature="LoginTest.loginWithEmptyCredentials()[pri:0, instance:Framework.Desgin.Tests.LoginTest@7203c7ff]" name="loginWithEmptyCredentials" class="Framework.Desgin.Tests.LoginTest"/>
        <method signature="LoginTest.loginWithEmptyPassword()[pri:0, instance:Framework.Desgin.Tests.LoginTest@7203c7ff]" name="loginWithEmptyPassword" class="Framework.Desgin.Tests.LoginTest"/>
        <method signature="LoginTest.loginWithEmptyUsername()[pri:0, instance:Framework.Desgin.Tests.LoginTest@7203c7ff]" name="loginWithEmptyUsername" class="Framework.Desgin.Tests.LoginTest"/>
        <method signature="LoginTest.loginWithInvalidPassword()[pri:0, instance:Framework.Desgin.Tests.LoginTest@7203c7ff]" name="loginWithInvalidPassword" class="Framework.Desgin.Tests.LoginTest"/>
        <method signature="LoginTest.loginWithInvalidUserName()[pri:0, instance:Framework.Desgin.Tests.LoginTest@7203c7ff]" name="loginWithInvalidUserName" class="Framework.Desgin.Tests.LoginTest"/>
        <method signature="LoginTest.loginWithlock_outUserCredentials()[pri:0, instance:Framework.Desgin.Tests.LoginTest@7203c7ff]" name="loginWithlock_outUserCredentials" class="Framework.Desgin.Tests.LoginTest"/>
      </group> <!-- negative tests -->
      <group name="regression">
        <method signature="EndToEndTest.CompleteEndToEndTest(java.util.HashMap)[pri:0, instance:Framework.Desgin.Tests.EndToEndTest@3212a8d7]" name="CompleteEndToEndTest" class="Framework.Desgin.Tests.EndToEndTest"/>
      </group> <!-- regression -->
      <group name="smoke">
        <method signature="CartpageTest.testCartPage()[pri:0, instance:Framework.Desgin.Tests.CartpageTest@4748a0f9]" name="testCartPage" class="Framework.Desgin.Tests.CartpageTest"/>
        <method signature="CheckoutpageTest.testCheckoutPage()[pri:0, instance:Framework.Desgin.Tests.CheckoutpageTest@4b14918a]" name="testCheckoutPage" class="Framework.Desgin.Tests.CheckoutpageTest"/>
        <method signature="HomepageTest.testHomepageElements()[pri:0, instance:Framework.Desgin.Tests.HomepageTest@34a875b3]" name="testHomepageElements" class="Framework.Desgin.Tests.HomepageTest"/>
        <method signature="LoginTest.testValidLogin()[pri:0, instance:Framework.Desgin.Tests.LoginTest@1f3f02ee]" name="testValidLogin" class="Framework.Desgin.Tests.LoginTest"/>
        <method signature="LoginTest.testValidLogin()[pri:0, instance:Framework.Desgin.Tests.LoginTest@495b0487]" name="testValidLogin" class="Framework.Desgin.Tests.LoginTest"/>
      </group> <!-- smoke -->
    </groups>
    <test started-at="2025-07-11T17:42:10 GMT-04:00" name="Regression Test" finished-at="2025-07-11T17:42:19 GMT-04:00" duration-ms="9102">
      <class name="Framework.Desgin.Tests.EndToEndTest">
        <test-method is-config="true" signature="goTo()[pri:0, instance:Framework.Desgin.Tests.EndToEndTest@3212a8d7]" started-at="2025-07-11T17:42:10 GMT-04:00" name="goTo" finished-at="2025-07-11T17:42:14 GMT-04:00" duration-ms="4311" status="PASS">
          <reporter-output>
          </reporter-output>
        </test-method> <!-- goTo -->
        <test-method signature="CompleteEndToEndTest(java.util.HashMap)[pri:0, instance:Framework.Desgin.Tests.EndToEndTest@3212a8d7]" started-at="2025-07-11T17:42:14 GMT-04:00" name="CompleteEndToEndTest" data-provider="getData" finished-at="2025-07-11T17:42:18 GMT-04:00" duration-ms="3887" status="PASS">
          <params>
            <param index="0">
              <value>
                <![CDATA[{firstName=John, lastName=Doe, password=secret_sauce, Zip/PostalCode=12345, productName=Sauce Labs Backpack, username=standard_user}]]>
              </value>
            </param>
          </params>
          <reporter-output>
          </reporter-output>
        </test-method> <!-- CompleteEndToEndTest -->
        <test-method is-config="true" signature="closeApplication()[pri:0, instance:Framework.Desgin.Tests.EndToEndTest@3212a8d7]" started-at="2025-07-11T17:42:18 GMT-04:00" name="closeApplication" finished-at="2025-07-11T17:42:19 GMT-04:00" duration-ms="478" status="PASS">
          <reporter-output>
          </reporter-output>
        </test-method> <!-- closeApplication -->
      </class> <!-- Framework.Desgin.Tests.EndToEndTest -->
    </test> <!-- Regression Test -->
    <test started-at="2025-07-11T17:42:10 GMT-04:00" name="Positive TestCases" finished-at="2025-07-11T17:42:26 GMT-04:00" duration-ms="16246">
      <class name="Framework.Desgin.Tests.HomepageTest">
        <test-method is-config="true" signature="goTo()[pri:0, instance:Framework.Desgin.Tests.HomepageTest@55dfcc6]" started-at="2025-07-11T17:42:16 GMT-04:00" name="goTo" finished-at="2025-07-11T17:42:20 GMT-04:00" duration-ms="3635" status="PASS">
          <reporter-output>
          </reporter-output>
        </test-method> <!-- goTo -->
        <test-method retried="true" signature="logoutTest()[pri:0, instance:Framework.Desgin.Tests.HomepageTest@55dfcc6]" started-at="2025-07-11T17:42:20 GMT-04:00" name="logoutTest" finished-at="2025-07-11T17:42:21 GMT-04:00" duration-ms="1288" status="SKIP">
          <exception class="java.lang.RuntimeException">
            <message>
              <![CDATA[Logout not found in menu]]>
            </message>
            <full-stacktrace>
              <![CDATA[java.lang.RuntimeException: Logout not found in menu
at Framework.Design.PageObjects.Homepage.lambda$clickMenuItemByText$2(Homepage.java:98)
at java.base/java.util.Optional.orElseThrow(Optional.java:403)
at Framework.Design.PageObjects.Homepage.clickMenuItemByText(Homepage.java:98)
at Framework.Desgin.Tests.HomepageTest.logoutTest(HomepageTest.java:35)
at java.base/jdk.internal.reflect.DirectMethodHandleAccessor.invoke(DirectMethodHandleAccessor.java:104)
at java.base/java.lang.reflect.Method.invoke(Method.java:578)
at org.testng.internal.invokers.MethodInvocationHelper.invokeMethod(MethodInvocationHelper.java:141)
at org.testng.internal.invokers.TestInvoker.invokeMethod(TestInvoker.java:687)
at org.testng.internal.invokers.TestInvoker.invokeTestMethod(TestInvoker.java:230)
at org.testng.internal.invokers.MethodRunner.runInSequence(MethodRunner.java:63)
at org.testng.internal.invokers.TestInvoker$MethodInvocationAgent.invoke(TestInvoker.java:995)
at org.testng.internal.invokers.TestInvoker.invokeTestMethods(TestInvoker.java:203)
at org.testng.internal.invokers.TestMethodWorker.invokeTestMethods(TestMethodWorker.java:154)
at org.testng.internal.invokers.TestMethodWorker.run(TestMethodWorker.java:134)
at java.base/java.util.ArrayList.forEach(ArrayList.java:1511)
at org.testng.TestRunner.privateRun(TestRunner.java:741)
at org.testng.TestRunner.run(TestRunner.java:616)
at org.testng.SuiteRunner.runTest(SuiteRunner.java:421)
at org.testng.SuiteRunner$SuiteWorker.run(SuiteRunner.java:463)
at org.testng.internal.thread.ThreadUtil.lambda$execute$0(ThreadUtil.java:64)
at java.base/java.util.concurrent.FutureTask.run(FutureTask.java:317)
at java.base/java.util.concurrent.ThreadPoolExecutor.runWorker(ThreadPoolExecutor.java:1144)
at java.base/java.util.concurrent.ThreadPoolExecutor$Worker.run(ThreadPoolExecutor.java:642)
at java.base/java.lang.Thread.run(Thread.java:1589)
]]>
            </full-stacktrace>
          </exception> <!-- java.lang.RuntimeException -->
          <reporter-output>
          </reporter-output>
        </test-method> <!-- logoutTest -->
        <test-method is-config="true" signature="closeApplication()[pri:0, instance:Framework.Desgin.Tests.HomepageTest@55dfcc6]" started-at="2025-07-11T17:42:21 GMT-04:00" name="closeApplication" finished-at="2025-07-11T17:42:21 GMT-04:00" duration-ms="258" status="PASS">
          <reporter-output>
          </reporter-output>
        </test-method> <!-- closeApplication -->
        <test-method is-config="true" signature="goTo()[pri:0, instance:Framework.Desgin.Tests.HomepageTest@55dfcc6]" started-at="2025-07-11T17:42:21 GMT-04:00" name="goTo" finished-at="2025-07-11T17:42:23 GMT-04:00" duration-ms="2078" status="PASS">
          <reporter-output>
          </reporter-output>
        </test-method> <!-- goTo -->
        <test-method signature="logoutTest()[pri:0, instance:Framework.Desgin.Tests.HomepageTest@55dfcc6]" started-at="2025-07-11T17:42:23 GMT-04:00" name="logoutTest" finished-at="2025-07-11T17:42:25 GMT-04:00" duration-ms="2022" status="PASS">
          <reporter-output>
          </reporter-output>
        </test-method> <!-- logoutTest -->
        <test-method is-config="true" signature="closeApplication()[pri:0, instance:Framework.Desgin.Tests.HomepageTest@55dfcc6]" started-at="2025-07-11T17:42:25 GMT-04:00" name="closeApplication" finished-at="2025-07-11T17:42:26 GMT-04:00" duration-ms="418" status="PASS">
          <reporter-output>
          </reporter-output>
        </test-method> <!-- closeApplication -->
      </class> <!-- Framework.Desgin.Tests.HomepageTest -->
      <class name="Framework.Desgin.Tests.LoginTest">
        <test-method is-config="true" signature="goTo()[pri:0, instance:Framework.Desgin.Tests.LoginTest@495b0487]" started-at="2025-07-11T17:42:10 GMT-04:00" name="goTo" finished-at="2025-07-11T17:42:14 GMT-04:00" duration-ms="4669" status="PASS">
          <reporter-output>
          </reporter-output>
        </test-method> <!-- goTo -->
        <test-method signature="testValidLogin()[pri:0, instance:Framework.Desgin.Tests.LoginTest@495b0487]" started-at="2025-07-11T17:42:14 GMT-04:00" name="testValidLogin" finished-at="2025-07-11T17:42:16 GMT-04:00" duration-ms="1186" status="PASS">
          <reporter-output>
          </reporter-output>
        </test-method> <!-- testValidLogin -->
        <test-method is-config="true" signature="closeApplication()[pri:0, instance:Framework.Desgin.Tests.LoginTest@495b0487]" started-at="2025-07-11T17:42:16 GMT-04:00" name="closeApplication" finished-at="2025-07-11T17:42:16 GMT-04:00" duration-ms="610" status="PASS">
          <reporter-output>
          </reporter-output>
        </test-method> <!-- closeApplication -->
      </class> <!-- Framework.Desgin.Tests.LoginTest -->
    </test> <!-- Positive TestCases -->
    <test started-at="2025-07-11T17:42:10 GMT-04:00" name="Smoke Test" finished-at="2025-07-11T17:42:31 GMT-04:00" duration-ms="21215">
      <class name="Framework.Desgin.Tests.HomepageTest">
        <test-method is-config="true" signature="goTo()[pri:0, instance:Framework.Desgin.Tests.HomepageTest@34a875b3]" started-at="2025-07-11T17:42:16 GMT-04:00" name="goTo" finished-at="2025-07-11T17:42:20 GMT-04:00" duration-ms="3758" status="PASS">
          <reporter-output>
          </reporter-output>
        </test-method> <!-- goTo -->
        <test-method signature="testHomepageElements()[pri:0, instance:Framework.Desgin.Tests.HomepageTest@34a875b3]" started-at="2025-07-11T17:42:20 GMT-04:00" name="testHomepageElements" finished-at="2025-07-11T17:42:22 GMT-04:00" duration-ms="1581" status="PASS">
          <reporter-output>
          </reporter-output>
        </test-method> <!-- testHomepageElements -->
        <test-method is-config="true" signature="closeApplication()[pri:0, instance:Framework.Desgin.Tests.HomepageTest@34a875b3]" started-at="2025-07-11T17:42:22 GMT-04:00" name="closeApplication" finished-at="2025-07-11T17:42:22 GMT-04:00" duration-ms="229" status="PASS">
          <reporter-output>
          </reporter-output>
        </test-method> <!-- closeApplication -->
      </class> <!-- Framework.Desgin.Tests.HomepageTest -->
      <class name="Framework.Desgin.Tests.LoginTest">
        <test-method is-config="true" signature="goTo()[pri:0, instance:Framework.Desgin.Tests.LoginTest@1f3f02ee]" started-at="2025-07-11T17:42:10 GMT-04:00" name="goTo" finished-at="2025-07-11T17:42:15 GMT-04:00" duration-ms="5036" status="PASS">
          <reporter-output>
          </reporter-output>
        </test-method> <!-- goTo -->
        <test-method signature="testValidLogin()[pri:0, instance:Framework.Desgin.Tests.LoginTest@1f3f02ee]" started-at="2025-07-11T17:42:15 GMT-04:00" name="testValidLogin" finished-at="2025-07-11T17:42:16 GMT-04:00" duration-ms="1171" status="PASS">
          <reporter-output>
          </reporter-output>
        </test-method> <!-- testValidLogin -->
        <test-method is-config="true" signature="closeApplication()[pri:0, instance:Framework.Desgin.Tests.LoginTest@1f3f02ee]" started-at="2025-07-11T17:42:16 GMT-04:00" name="closeApplication" finished-at="2025-07-11T17:42:16 GMT-04:00" duration-ms="291" status="PASS">
          <reporter-output>
          </reporter-output>
        </test-method> <!-- closeApplication -->
      </class> <!-- Framework.Desgin.Tests.LoginTest -->
      <class name="Framework.Desgin.Tests.CartpageTest">
        <test-method is-config="true" signature="goTo()[pri:0, instance:Framework.Desgin.Tests.CartpageTest@4748a0f9]" started-at="2025-07-11T17:42:22 GMT-04:00" name="goTo" finished-at="2025-07-11T17:42:24 GMT-04:00" duration-ms="2037" status="PASS">
          <reporter-output>
          </reporter-output>
        </test-method> <!-- goTo -->
        <test-method signature="testCartPage()[pri:0, instance:Framework.Desgin.Tests.CartpageTest@4748a0f9]" started-at="2025-07-11T17:42:24 GMT-04:00" name="testCartPage" finished-at="2025-07-11T17:42:27 GMT-04:00" duration-ms="2980" status="PASS">
          <reporter-output>
          </reporter-output>
        </test-method> <!-- testCartPage -->
        <test-method is-config="true" signature="closeApplication()[pri:0, instance:Framework.Desgin.Tests.CartpageTest@4748a0f9]" started-at="2025-07-11T17:42:27 GMT-04:00" name="closeApplication" finished-at="2025-07-11T17:42:27 GMT-04:00" duration-ms="253" status="PASS">
          <reporter-output>
          </reporter-output>
        </test-method> <!-- closeApplication -->
      </class> <!-- Framework.Desgin.Tests.CartpageTest -->
      <class name="Framework.Desgin.Tests.CheckoutpageTest">
        <test-method is-config="true" signature="goTo()[pri:0, instance:Framework.Desgin.Tests.CheckoutpageTest@4b14918a]" started-at="2025-07-11T17:42:27 GMT-04:00" name="goTo" finished-at="2025-07-11T17:42:28 GMT-04:00" duration-ms="1154" status="PASS">
          <reporter-output>
          </reporter-output>
        </test-method> <!-- goTo -->
        <test-method signature="testCheckoutPage()[pri:0, instance:Framework.Desgin.Tests.CheckoutpageTest@4b14918a]" started-at="2025-07-11T17:42:28 GMT-04:00" name="testCheckoutPage" finished-at="2025-07-11T17:42:31 GMT-04:00" duration-ms="2413" status="PASS">
          <reporter-output>
          </reporter-output>
        </test-method> <!-- testCheckoutPage -->
        <test-method is-config="true" signature="closeApplication()[pri:0, instance:Framework.Desgin.Tests.CheckoutpageTest@4b14918a]" started-at="2025-07-11T17:42:31 GMT-04:00" name="closeApplication" finished-at="2025-07-11T17:42:31 GMT-04:00" duration-ms="236" status="PASS">
          <reporter-output>
          </reporter-output>
        </test-method> <!-- closeApplication -->
      </class> <!-- Framework.Desgin.Tests.CheckoutpageTest -->
    </test> <!-- Smoke Test -->
    <test started-at="2025-07-11T17:42:10 GMT-04:00" name="Negative TestCases" finished-at="2025-07-11T17:42:31 GMT-04:00" duration-ms="21757">
      <class name="Framework.Desgin.Tests.LoginTest">
        <test-method is-config="true" signature="goTo()[pri:0, instance:Framework.Desgin.Tests.LoginTest@7203c7ff]" started-at="2025-07-11T17:42:10 GMT-04:00" name="goTo" finished-at="2025-07-11T17:42:14 GMT-04:00" duration-ms="4668" status="PASS">
          <reporter-output>
          </reporter-output>
        </test-method> <!-- goTo -->
        <test-method signature="loginWithEmptyCredentials()[pri:0, instance:Framework.Desgin.Tests.LoginTest@7203c7ff]" started-at="2025-07-11T17:42:14 GMT-04:00" name="loginWithEmptyCredentials" finished-at="2025-07-11T17:42:15 GMT-04:00" duration-ms="878" status="PASS">
          <reporter-output>
          </reporter-output>
        </test-method> <!-- loginWithEmptyCredentials -->
        <test-method is-config="true" signature="closeApplication()[pri:0, instance:Framework.Desgin.Tests.LoginTest@7203c7ff]" started-at="2025-07-11T17:42:15 GMT-04:00" name="closeApplication" finished-at="2025-07-11T17:42:16 GMT-04:00" duration-ms="855" status="PASS">
          <reporter-output>
          </reporter-output>
        </test-method> <!-- closeApplication -->
        <test-method is-config="true" signature="goTo()[pri:0, instance:Framework.Desgin.Tests.LoginTest@7203c7ff]" started-at="2025-07-11T17:42:16 GMT-04:00" name="goTo" finished-at="2025-07-11T17:42:20 GMT-04:00" duration-ms="4007" status="PASS">
          <reporter-output>
          </reporter-output>
        </test-method> <!-- goTo -->
        <test-method signature="loginWithEmptyPassword()[pri:0, instance:Framework.Desgin.Tests.LoginTest@7203c7ff]" started-at="2025-07-11T17:42:20 GMT-04:00" name="loginWithEmptyPassword" finished-at="2025-07-11T17:42:21 GMT-04:00" duration-ms="677" status="PASS">
          <reporter-output>
          </reporter-output>
        </test-method> <!-- loginWithEmptyPassword -->
        <test-method is-config="true" signature="closeApplication()[pri:0, instance:Framework.Desgin.Tests.LoginTest@7203c7ff]" started-at="2025-07-11T17:42:21 GMT-04:00" name="closeApplication" finished-at="2025-07-11T17:42:21 GMT-04:00" duration-ms="455" status="PASS">
          <reporter-output>
          </reporter-output>
        </test-method> <!-- closeApplication -->
        <test-method is-config="true" signature="goTo()[pri:0, instance:Framework.Desgin.Tests.LoginTest@7203c7ff]" started-at="2025-07-11T17:42:21 GMT-04:00" name="goTo" finished-at="2025-07-11T17:42:23 GMT-04:00" duration-ms="2134" status="PASS">
          <reporter-output>
          </reporter-output>
        </test-method> <!-- goTo -->
        <test-method signature="loginWithEmptyUsername()[pri:0, instance:Framework.Desgin.Tests.LoginTest@7203c7ff]" started-at="2025-07-11T17:42:23 GMT-04:00" name="loginWithEmptyUsername" finished-at="2025-07-11T17:42:24 GMT-04:00" duration-ms="907" status="PASS">
          <reporter-output>
          </reporter-output>
        </test-method> <!-- loginWithEmptyUsername -->
        <test-method is-config="true" signature="closeApplication()[pri:0, instance:Framework.Desgin.Tests.LoginTest@7203c7ff]" started-at="2025-07-11T17:42:24 GMT-04:00" name="closeApplication" finished-at="2025-07-11T17:42:25 GMT-04:00" duration-ms="447" status="PASS">
          <reporter-output>
          </reporter-output>
        </test-method> <!-- closeApplication -->
        <test-method is-config="true" signature="goTo()[pri:0, instance:Framework.Desgin.Tests.LoginTest@7203c7ff]" started-at="2025-07-11T17:42:25 GMT-04:00" name="goTo" finished-at="2025-07-11T17:42:26 GMT-04:00" duration-ms="1621" status="PASS">
          <reporter-output>
          </reporter-output>
        </test-method> <!-- goTo -->
        <test-method signature="loginWithInvalidPassword()[pri:0, instance:Framework.Desgin.Tests.LoginTest@7203c7ff]" started-at="2025-07-11T17:42:26 GMT-04:00" name="loginWithInvalidPassword" finished-at="2025-07-11T17:42:27 GMT-04:00" duration-ms="411" status="PASS">
          <reporter-output>
          </reporter-output>
        </test-method> <!-- loginWithInvalidPassword -->
        <test-method is-config="true" signature="closeApplication()[pri:0, instance:Framework.Desgin.Tests.LoginTest@7203c7ff]" started-at="2025-07-11T17:42:27 GMT-04:00" name="closeApplication" finished-at="2025-07-11T17:42:27 GMT-04:00" duration-ms="214" status="PASS">
          <reporter-output>
          </reporter-output>
        </test-method> <!-- closeApplication -->
        <test-method is-config="true" signature="goTo()[pri:0, instance:Framework.Desgin.Tests.LoginTest@7203c7ff]" started-at="2025-07-11T17:42:27 GMT-04:00" name="goTo" finished-at="2025-07-11T17:42:28 GMT-04:00" duration-ms="1178" status="PASS">
          <reporter-output>
          </reporter-output>
        </test-method> <!-- goTo -->
        <test-method signature="loginWithInvalidUserName()[pri:0, instance:Framework.Desgin.Tests.LoginTest@7203c7ff]" started-at="2025-07-11T17:42:28 GMT-04:00" name="loginWithInvalidUserName" finished-at="2025-07-11T17:42:29 GMT-04:00" duration-ms="1121" status="PASS">
          <reporter-output>
          </reporter-output>
        </test-method> <!-- loginWithInvalidUserName -->
        <test-method is-config="true" signature="closeApplication()[pri:0, instance:Framework.Desgin.Tests.LoginTest@7203c7ff]" started-at="2025-07-11T17:42:29 GMT-04:00" name="closeApplication" finished-at="2025-07-11T17:42:30 GMT-04:00" duration-ms="215" status="PASS">
          <reporter-output>
          </reporter-output>
        </test-method> <!-- closeApplication -->
        <test-method is-config="true" signature="goTo()[pri:0, instance:Framework.Desgin.Tests.LoginTest@7203c7ff]" started-at="2025-07-11T17:42:30 GMT-04:00" name="goTo" finished-at="2025-07-11T17:42:31 GMT-04:00" duration-ms="1342" status="PASS">
          <reporter-output>
          </reporter-output>
        </test-method> <!-- goTo -->
        <test-method signature="loginWithlock_outUserCredentials()[pri:0, instance:Framework.Desgin.Tests.LoginTest@7203c7ff]" started-at="2025-07-11T17:42:31 GMT-04:00" name="loginWithlock_outUserCredentials" finished-at="2025-07-11T17:42:31 GMT-04:00" duration-ms="370" status="PASS">
          <reporter-output>
          </reporter-output>
        </test-method> <!-- loginWithlock_outUserCredentials -->
        <test-method is-config="true" signature="closeApplication()[pri:0, instance:Framework.Desgin.Tests.LoginTest@7203c7ff]" started-at="2025-07-11T17:42:31 GMT-04:00" name="closeApplication" finished-at="2025-07-11T17:42:31 GMT-04:00" duration-ms="146" status="PASS">
          <reporter-output>
          </reporter-output>
        </test-method> <!-- closeApplication -->
      </class> <!-- Framework.Desgin.Tests.LoginTest -->
    </test> <!-- Negative TestCases -->
  </suite> <!-- Suite -->
</testng-results>
